<?xml version="1.0" encoding="UTF-8"?>
<!-- Generated by org.testng.reporters.JUnitReportReporter -->
<testsuite hostname="hardAnkesh" failures="0" tests="1" name="com.medimention.testcases.Tc_002_getInTouch" time="0.306" errors="0" timestamp="2025-05-12T23:29:03 IST" skipped="0">
  <testcase classname="com.medimention.testcases.Tc_002_getInTouch" name="enqiryDetails" time="0.306"/>
</testsuite> <!-- com.medimention.testcases.Tc_002_getInTouch -->
