<?xml version="1.0" encoding="UTF-8"?>
<!-- Generated by org.testng.reporters.JUnitReportReporter -->
<testsuite hostname="hardAnkesh" failures="0" tests="8"
	name="com.medimention.testcases.Tc_001_Register_DDT" time="116.238"
	errors="0" timestamp="2025-05-10T09:16:18 IST" skipped="0">
	<testcase classname="com.medimention.testcases.Tc_001_Register_DDT"
		name="account_Register" time="12.201" />
	<testcase classname="com.medimention.testcases.Tc_001_Register_DDT"
		name="account_Register" time="17.612" />
	<testcase classname="com.medimention.testcases.Tc_001_Register_DDT"
		name="account_Register" time="10.398" />
	<testcase classname="com.medimention.testcases.Tc_001_Register_DDT"
		name="account_Register" time="9.168" />
	<testcase classname="com.medimention.testcases.Tc_001_Register_DDT"
		name="account_Register" time="13.397" />
	<testcase classname="com.medimention.testcases.Tc_001_Register_DDT"
		name="account_Register" time="18.024" />
	<testcase classname="com.medimention.testcases.Tc_001_Register_DDT"
		name="account_Register" time="12.187" />
	<testcase classname="com.medimention.testcases.Tc_001_Register_DDT"
		name="account_Register" time="23.251" />
</testsuite> <!--
com.medimention.testcases.Tc_001_Register_DDT -->
