<?xml version="1.0" encoding="UTF-8"?>
<!-- Generated by org.testng.reporters.JUnitReportReporter -->
<testsuite hostname="hardAnkesh" failures="0" tests="1"
	name="com.medimention.testcases.Tc_002_front" time="3.895" errors="0"
	timestamp="2025-05-07T16:47:28 IST" skipped="0">
	<testcase classname="com.medimention.testcases.Tc_002_front"
		name="enqiryDetails" time="3.895" />
</testsuite> <!--
com.medimention.testcases.Tc_002_front -->
