<?xml version="1.0" encoding="UTF-8"?>
<!-- Generated by org.testng.reporters.JUnitReportReporter -->
<testsuite hostname="hardAnkesh" failures="0" tests="1"
	name="com.medimention.testcases.Tc_003_home" time="6.878" errors="0"
	timestamp="2025-05-03T02:03:07 IST" skipped="0">
	<testcase classname="com.medimention.testcases.Tc_003_home"
		name="mediMention" time="6.878" />
</testsuite> <!--
com.medimention.testcases.Tc_003_home -->
