<?xml version="1.0" encoding="UTF-8"?>
<!-- Generated by org.testng.reporters.JUnitReportReporter -->
<testsuite hostname="hardAnkesh" failures="0" tests="1"
	name="com.medimention.testcases.Tc_002_enuiry" time="0.655" errors="0"
	timestamp="2025-05-02T14:21:47 IST" skipped="0">
	<testcase classname="com.medimention.testcases.Tc_002_enuiry"
		name="enqiryDetails" time="0.655" />
</testsuite> <!--
com.medimention.testcases.Tc_002_enuiry -->
