<?xml version="1.0" encoding="UTF-8"?>
<!-- Generated by org.testng.reporters.JUnitReportReporter -->
<testsuite hostname="hardAnkesh" failures="0" tests="1" name="com.medimention.testcases.Tc_002_getInTouch" time="0.937" errors="0" timestamp="2025-05-17T13:38:47 IST" skipped="0">
  <testcase classname="com.medimention.testcases.Tc_002_getInTouch" name="enqiryDetails" time="0.937"/>
</testsuite> <!-- com.medimention.testcases.Tc_002_getInTouch -->
