<?xml version="1.0" encoding="UTF-8"?>
<!-- Generated by org.testng.reporters.JUnitReportReporter -->
<testsuite hostname="hardAnkesh" failures="0" tests="5" name="com.medimention.testcases.Tc_001_Register_DDT" time="39.207" errors="0" timestamp="2025-05-10T20:55:25 IST" skipped="0">
  <testcase classname="com.medimention.testcases.Tc_001_Register_DDT" name="account_Register" time="7.038"/>
  <testcase classname="com.medimention.testcases.Tc_001_Register_DDT" name="account_Register" time="6.563"/>
  <testcase classname="com.medimention.testcases.Tc_001_Register_DDT" name="account_Register" time="12.599"/>
  <testcase classname="com.medimention.testcases.Tc_001_Register_DDT" name="account_Register" time="6.970"/>
  <testcase classname="com.medimention.testcases.Tc_001_Register_DDT" name="account_Register" time="6.037"/>
</testsuite> <!-- com.medimention.testcases.Tc_001_Register_DDT -->
