<?xml version="1.0" encoding="UTF-8"?>
<!-- Generated by org.testng.reporters.JUnitReportReporter -->
<testsuite hostname="hardAnkesh" failures="0" tests="1" name="com.medimention.testcases.Tc_001_Registration" time="12.333" errors="0" timestamp="2025-05-10T20:55:25 IST" skipped="0">
  <testcase classname="com.medimention.testcases.Tc_001_Registration" name="account_Register" time="12.333"/>
</testsuite> <!-- com.medimention.testcases.Tc_001_Registration -->
